<?xml version="1.0" encoding="UTF-8"?>
<!-- Generated by org.testng.reporters.JUnitXMLReporter -->
<testsuite ignored="0" hostname="LAPTOP-523ER982" failures="0" tests="3" name="Default test" time="22.788" errors="0" timestamp="15 Aug 2019 15:59:49 GMT">
  <testcase classname="com.qa.testng.DataProviderDemo" name="testReadExcelMethod" time="7.022"/>
  <testcase classname="com.qa.testng.DataProviderDemo" name="testReadExcelMethod" time="6.866"/>
  <testcase classname="com.qa.testng.DataProviderDemo" name="testReadExcelMethod" time="6.862"/>
</testsuite> <!-- Default test -->
