<?xml version="1.0" encoding="UTF-8"?>
<!-- Generated by org.testng.reporters.JUnitXMLReporter -->
<testsuite ignored="1" hostname="LAPTOP-523ER982" failures="0" tests="3" name="Test" time="0.161" errors="0" timestamp="11 Jul 2019 22:39:55 GMT">
  <testcase classname="com.qa.testng.TestNGSample" name="checkTest" time="0.037"/>
  <testcase classname="com.qa.testng.TestNGSample" name="f" time="0.003"/>
  <testcase classname="com.qa.testng.TestNGSample" name="f" time="0.003"/>
  <testcase classname="com.qa.testng.TestNGSample" name="checkTest1" time="0.0">
    <ignored/>
  </testcase> <!-- checkTest1 -->
</testsuite> <!-- Test -->
