<?xml version="1.0" encoding="UTF-8"?>
<testng-results ignored="0" total="3" passed="3" failed="0" skipped="0">
  <reporter-output>
  </reporter-output>
  <suite started-at="2019-08-15T15:59:26Z" name="Default suite" finished-at="2019-08-15T15:59:49Z" duration-ms="22788">
    <groups>
    </groups>
    <test started-at="2019-08-15T15:59:26Z" name="Default test" finished-at="2019-08-15T15:59:49Z" duration-ms="22788">
      <class name="com.qa.testng.DataProviderDemo">
        <test-method signature="testReadExcelMethod(java.lang.String, java.lang.String)[pri:0, instance:com.qa.testng.DataProviderDemo@51850751]" started-at="2019-08-15T15:59:28Z" name="testReadExcelMethod" data-provider="getDataFromExcel" finished-at="2019-08-15T15:59:35Z" duration-ms="7022" status="PASS">
          <params>
            <param index="0">
              <value>
                <![CDATA[shivask]]>
              </value>
            </param>
            <param index="1">
              <value>
                <![CDATA[test321]]>
              </value>
            </param>
          </params>
          <reporter-output>
          </reporter-output>
        </test-method> <!-- testReadExcelMethod -->
        <test-method signature="testReadExcelMethod(java.lang.String, java.lang.String)[pri:0, instance:com.qa.testng.DataProviderDemo@51850751]" started-at="2019-08-15T15:59:35Z" name="testReadExcelMethod" data-provider="getDataFromExcel" finished-at="2019-08-15T15:59:42Z" duration-ms="6866" status="PASS">
          <params>
            <param index="0">
              <value>
                <![CDATA[skandha]]>
              </value>
            </param>
            <param index="1">
              <value>
                <![CDATA[test111]]>
              </value>
            </param>
          </params>
          <reporter-output>
          </reporter-output>
        </test-method> <!-- testReadExcelMethod -->
        <test-method signature="testReadExcelMethod(java.lang.String, java.lang.String)[pri:0, instance:com.qa.testng.DataProviderDemo@51850751]" started-at="2019-08-15T15:59:42Z" name="testReadExcelMethod" data-provider="getDataFromExcel" finished-at="2019-08-15T15:59:49Z" duration-ms="6862" status="PASS">
          <params>
            <param index="0">
              <value>
                <![CDATA[Ishaan]]>
              </value>
            </param>
            <param index="1">
              <value>
                <![CDATA[test333]]>
              </value>
            </param>
          </params>
          <reporter-output>
          </reporter-output>
        </test-method> <!-- testReadExcelMethod -->
      </class> <!-- com.qa.testng.DataProviderDemo -->
    </test> <!-- Default test -->
  </suite> <!-- Default suite -->
</testng-results>
